        -:    0:Source:calculator.c
        -:    0:Graph:calculator.gcno
        -:    0:Data:calculator.gcda
        -:    0:Runs:1
        -:    0:Programs:1
        -:    1:#include <stdio.h>
        -:    2:
        -:    3:#include "calculator.h"
        -:    4:
function add called 5 returned 100% blocks executed 100%
        5:    5:double add(double x, double y) {
        5:    6:    return x + y;
        -:    7:}
        -:    8:
function subtract called 6 returned 100% blocks executed 100%
        6:    9:double subtract(double x, double y) {
        6:   10:    return x - y;
        -:   11:}
        -:   12:
function multiply called 5 returned 100% blocks executed 100%
        5:   13:double multiply(double x, double y) {
        5:   14:    return x * y;
        -:   15:}
        -:   16:
function divide called 4 returned 100% blocks executed 75%
        4:   17:double divide(double x, double y) {
        4:   18:    if (y == 0) {
branch  0 taken 0%
branch  1 taken 100%
    #####:   19:        printf("Cannot divide by 0");
    #####:   20:        return 0;
        -:   21:    }
        4:   22:    return x * 1.0 / y;
        4:   23:}
